<?xml version="1.0" encoding="UTF-8"?>
<!-- Generated by org.testng.reporters.JUnitXMLReporter -->
<testsuite ignored="0" hostname="DESKTOP-F17Q7CL" failures="0" tests="12" name="Surefire test" time="35.47" errors="0" timestamp="2024-07-06T16:28:55 IST">
  <testcase classname="api.test.DDTests" name="testPostUser" time="6.913"/>
  <testcase classname="api.test.DDTests" name="testPostUser" time="1.327"/>
  <testcase classname="api.test.DDTests" name="testPostUser" time="1.634"/>
  <testcase classname="api.test.DDTests" name="testPostUser" time="1.332"/>
  <testcase classname="api.test.DDTests" name="testDeleteUserByName" time="1.371"/>
  <testcase classname="api.test.DDTests" name="testDeleteUserByName" time="1.299"/>
  <testcase classname="api.test.DDTests" name="testDeleteUserByName" time="1.204"/>
  <testcase classname="api.test.DDTests" name="testDeleteUserByName" time="1.262"/>
  <testcase classname="api.test.UserTest" name="testPostUser" time="1.587"/>
  <testcase classname="api.test.UserTest" name="testGetUserByName" time="1.353"/>
  <testcase classname="api.test.UserTest" name="testUpdateUserByName" time="2.56"/>
  <testcase classname="api.test.UserTest" name="testDeleteUserByName" time="1.331"/>
</testsuite> <!-- Surefire test -->
