<?xml version="1.0" encoding="UTF-8"?>
<!-- Generated by org.testng.reporters.JUnitXMLReporter -->
<testsuite ignored="0" hostname="DESKTOP-F17Q7CL" failures="0" tests="8" name="Default test" time="25.174" errors="0" timestamp="2024-07-04T14:22:56 IST">
  <testcase classname="api.test.DDTests" name="testPostUser" time="7.179"/>
  <testcase classname="api.test.DDTests" name="testPostUser" time="1.599"/>
  <testcase classname="api.test.DDTests" name="testPostUser" time="1.255"/>
  <testcase classname="api.test.DDTests" name="testPostUser" time="1.301"/>
  <testcase classname="api.test.DDTests" name="testDeleteUserByName" time="1.646"/>
  <testcase classname="api.test.DDTests" name="testDeleteUserByName" time="1.342"/>
  <testcase classname="api.test.DDTests" name="testDeleteUserByName" time="1.32"/>
  <testcase classname="api.test.DDTests" name="testDeleteUserByName" time="1.974"/>
</testsuite> <!-- Default test -->
