<?xml version="1.0" encoding="UTF-8"?>
<testsuite xmlns:xsi="http://www.w3.org/2001/XMLSchema-instance" xsi:noNamespaceSchemaLocation="https://maven.apache.org/surefire/maven-surefire-plugin/xsd/surefire-test-report-3.0.xsd" version="3.0" name="TestSuite" time="37.072" tests="12" errors="0" skipped="0" failures="0">
  <properties>
[...]
</properties>
  <testcase name="testPostUser[1010, testuser1, John, Canedy, a@gmail.com, test1, 123456789](1)" classname="api.test.DDTests" time="6.913">
    <system-out><![CDATA[2024-07-06T10:58:21.979295200Z main ERROR appenders Appenders has no parameter that matches element AppenderRef
2024-07-06T10:58:21.986278400Z main ERROR appenders Appenders has no parameter that matches element AppenderRef
2024-07-06T10:58:21.986278400Z main ERROR appenders Appenders has no parameter that matches element AppenderRef
]]></system-out>
    <system-err><![CDATA[SLF4J(W): No SLF4J providers were found.
SLF4J(W): Defaulting to no-operation (NOP) logger implementation
SLF4J(W): See https://www.slf4j.org/codes.html#noProviders for further details.
]]></system-err>
  </testcase>
  <testcase name="testPostUser[1020, testuser2, Kim, Kom, b@gmail.com, test2, 123456789](2)" classname="api.test.DDTests" time="1.321"/>
  <testcase name="testPostUser[1030, testuser3, Smith, Steve, c@gmail.com, test3, 123456789](3)" classname="api.test.DDTests" time="1.638"/>
  <testcase name="testPostUser[1040, testuser4, Smith1, Steve1, c1@gmail.com, test31, 1234156789](4)" classname="api.test.DDTests" time="1.329"/>
  <testcase name="testDeleteUserByName[testuser1](1)" classname="api.test.DDTests" time="1.371"/>
  <testcase name="testDeleteUserByName[testuser2](2)" classname="api.test.DDTests" time="1.301"/>
  <testcase name="testDeleteUserByName[testuser3](3)" classname="api.test.DDTests" time="1.204"/>
  <testcase name="testDeleteUserByName[testuser4](4)" classname="api.test.DDTests" time="1.263"/>
  <testcase name="testPostUser" classname="api.test.UserTest" time="1.588">
    <system-out><![CDATA[2024-07-06 16:28:48 INFO  api.test.UserTest - !!!!!!!!!!!!creating user
HTTP/1.1 200 OK
Date: Sat, 06 Jul 2024 10:59:01 GMT
Content-Type: application/json
Transfer-Encoding: chunked
Connection: keep-alive
Access-Control-Allow-Origin: *
Access-Control-Allow-Methods: GET, POST, DELETE, PUT
Access-Control-Allow-Headers: Content-Type, api_key, Authorization
Server: Jetty(9.2.9.v20150224)

{
    "code": 200,
    "type": "unknown",
    "message": "904927065"
}
2024-07-06 16:28:50 INFO  api.test.UserTest - !!!!!!!!!!!!user created
]]></system-out>
  </testcase>
  <testcase name="testGetUserByName" classname="api.test.UserTest" time="1.359">
    <system-out><![CDATA[2024-07-06 16:28:50 INFO  api.test.UserTest - !!!!!!!!!!!!reading user info
HTTP/1.1 200 OK
Date: Sat, 06 Jul 2024 10:59:02 GMT
Content-Type: application/json
Transfer-Encoding: chunked
Connection: keep-alive
Access-Control-Allow-Origin: *
Access-Control-Allow-Methods: GET, POST, DELETE, PUT
Access-Control-Allow-Headers: Content-Type, api_key, Authorization
Server: Jetty(9.2.9.v20150224)

{
    "id": 904927065,
    "username": "lavada.wintheiser",
    "firstName": "zona.bayer",
    "lastName": "Gerlach",
    "email": "arcelia.beatty@hotmail.com",
    "password": "229yqe7uxuz28",
    "phone": "056.368.9429",
    "userStatus": 0
}
2024-07-06 16:28:51 INFO  api.test.UserTest - user info displayed
]]></system-out>
  </testcase>
  <testcase name="testUpdateUserByName" classname="api.test.UserTest" time="2.552">
    <system-out><![CDATA[2024-07-06 16:28:51 INFO  api.test.UserTest - !!!!!!!!!!!!updating user 
{
    "code": 200,
    "type": "unknown",
    "message": "904927065"
}
HTTP/1.1 200 OK
Date: Sat, 06 Jul 2024 10:59:05 GMT
Content-Type: application/json
Transfer-Encoding: chunked
Connection: keep-alive
Access-Control-Allow-Origin: *
Access-Control-Allow-Methods: GET, POST, DELETE, PUT
Access-Control-Allow-Headers: Content-Type, api_key, Authorization
Server: Jetty(9.2.9.v20150224)

{
    "id": 904927065,
    "username": "lavada.wintheiser",
    "firstName": "daine.wolf",
    "lastName": "Schiller",
    "email": "brenton.howe@hotmail.com",
    "password": "229yqe7uxuz28",
    "phone": "056.368.9429",
    "userStatus": 0
}
2024-07-06 16:28:53 INFO  api.test.UserTest - !!!!!!!!!!!!user is updated
]]></system-out>
  </testcase>
  <testcase name="testDeleteUserByName" classname="api.test.UserTest" time="1.335">
    <system-out><![CDATA[2024-07-06 16:28:53 INFO  api.test.UserTest - !!!!!!!!!!!!delete user
{
    "code": 200,
    "type": "unknown",
    "message": "lavada.wintheiser"
}
2024-07-06 16:28:55 INFO  api.test.UserTest - !!!!!!!!!!!!user deleted
]]></system-out>
  </testcase>
</testsuite>