<?xml version="1.0" encoding="UTF-8"?>
<testng-results ignored="0" total="4" passed="4" failed="0" skipped="0">
  <reporter-output>
  </reporter-output>
  <suite started-at="2024-07-04T16:43:15 IST" name="PetSuite" finished-at="2024-07-04T16:43:32 IST" duration-ms="16943">
    <groups>
    </groups>
    <test started-at="2024-07-04T16:43:15 IST" name="PetTest" finished-at="2024-07-04T16:43:32 IST" duration-ms="16943">
      <class name="api.test.UserTest2">
        <test-method is-config="true" signature="setup()[pri:0, instance:api.test.UserTest2@6d5620ce]" started-at="2024-07-04T16:43:15 IST" name="setup" finished-at="2024-07-04T16:43:18 IST" duration-ms="2908" status="PASS">
          <reporter-output>
          </reporter-output>
        </test-method> <!-- setup -->
        <test-method signature="testPostUser()[pri:1, instance:api.test.UserTest2@6d5620ce]" started-at="2024-07-04T16:43:18 IST" name="testPostUser" finished-at="2024-07-04T16:43:26 IST" duration-ms="8217" status="PASS">
          <reporter-output>
          </reporter-output>
        </test-method> <!-- testPostUser -->
        <test-method signature="testGetUserByName()[pri:2, instance:api.test.UserTest2@6d5620ce]" started-at="2024-07-04T16:43:26 IST" name="testGetUserByName" finished-at="2024-07-04T16:43:27 IST" duration-ms="1395" status="PASS">
          <reporter-output>
          </reporter-output>
        </test-method> <!-- testGetUserByName -->
        <test-method signature="testUpdateUserByName()[pri:3, instance:api.test.UserTest2@6d5620ce]" started-at="2024-07-04T16:43:27 IST" name="testUpdateUserByName" finished-at="2024-07-04T16:43:30 IST" duration-ms="2885" status="PASS">
          <reporter-output>
          </reporter-output>
        </test-method> <!-- testUpdateUserByName -->
        <test-method signature="testDeleteUserByName()[pri:4, instance:api.test.UserTest2@6d5620ce]" started-at="2024-07-04T16:43:30 IST" name="testDeleteUserByName" finished-at="2024-07-04T16:43:32 IST" duration-ms="1397" status="PASS">
          <reporter-output>
          </reporter-output>
        </test-method> <!-- testDeleteUserByName -->
      </class> <!-- api.test.UserTest2 -->
    </test> <!-- PetTest -->
  </suite> <!-- PetSuite -->
</testng-results>
