<?xml version="1.0" encoding="UTF-8"?>
<!-- Generated by org.testng.reporters.JUnitXMLReporter -->
<testsuite ignored="0" hostname="DESKTOP-F17Q7CL" failures="0" tests="4" name="PetTest" time="16.943" errors="0" timestamp="2024-07-04T16:43:33 IST">
  <testcase classname="api.test.UserTest2" name="testPostUser" time="8.217"/>
  <testcase classname="api.test.UserTest2" name="testGetUserByName" time="1.395"/>
  <testcase classname="api.test.UserTest2" name="testUpdateUserByName" time="2.885"/>
  <testcase classname="api.test.UserTest2" name="testDeleteUserByName" time="1.397"/>
</testsuite> <!-- PetTest -->
